{"name": "test_doSignUp[chrome-Rahul-8927342.0-trainer@way2automation.com-India-Delhi-rahularora1986-lsajdfksf]", "status": "failed", "statusDetails": {"message": "AssertionError", "trace": "self = <Pages.Home_Page.Home_Page object at 0x7fabe9522310>, locator = 'resources_practice_site_1__XPATH'\n\n    def click(self, locator):\n        flag = False\n        try:\n            ele = self.find_element(locator)\n            self.highlight_element(ele)\n>           ele.click()\n\n../Selenium_Operations/Element_Operations.py:57: \n_ _ _ _ _ _ _ _ _ _ _ _ _ _ _ _ _ _ _ _ _ _ _ _ _ _ _ _ _ _ _ _ _ _ _ _ _ _ _ _ _ _ _ _ _ _ _ _ _ _ _ _ _ _ _ _ _ _ _ _ _ _ _ _ _ _ _ _ _ _ _ _ _ _ _ _ \n\nself = <selenium.webdriver.remote.webelement.WebElement (session=\"353ee6aafc8655185457e831418de6e0\", element=\"3afb4582-4904-4825-aac6-9f8b4039841b\")>\n\n    def click(self) -> None:\n        \"\"\"Clicks the element.\"\"\"\n>       self._execute(Command.CLICK_ELEMENT)\n\n../venv/lib/python3.9/site-packages/selenium/webdriver/remote/webelement.py:93: \n_ _ _ _ _ _ _ _ _ _ _ _ _ _ _ _ _ _ _ _ _ _ _ _ _ _ _ _ _ _ _ _ _ _ _ _ _ _ _ _ _ _ _ _ _ _ _ _ _ _ _ _ _ _ _ _ _ _ _ _ _ _ _ _ _ _ _ _ _ _ _ _ _ _ _ _ \n\nself = <selenium.webdriver.remote.webelement.WebElement (session=\"353ee6aafc8655185457e831418de6e0\", element=\"3afb4582-4904-4825-aac6-9f8b4039841b\")>\ncommand = 'clickElement', params = {'id': '3afb4582-4904-4825-aac6-9f8b4039841b'}\n\n    def _execute(self, command, params=None):\n        \"\"\"Executes a command against the underlying HTML element.\n    \n        Args:\n          command: The name of the command to _execute as a string.\n          params: A dictionary of named parameters to send with the command.\n    \n        Returns:\n          The command's JSON response loaded into a dictionary object.\n        \"\"\"\n        if not params:\n            params = {}\n        params[\"id\"] = self._id\n>       return self._parent.execute(command, params)\n\n../venv/lib/python3.9/site-packages/selenium/webdriver/remote/webelement.py:410: \n_ _ _ _ _ _ _ _ _ _ _ _ _ _ _ _ _ _ _ _ _ _ _ _ _ _ _ _ _ _ _ _ _ _ _ _ _ _ _ _ _ _ _ _ _ _ _ _ _ _ _ _ _ _ _ _ _ _ _ _ _ _ _ _ _ _ _ _ _ _ _ _ _ _ _ _ \n\nself = <selenium.webdriver.chrome.webdriver.WebDriver (session=\"353ee6aafc8655185457e831418de6e0\")>, driver_command = 'clickElement'\nparams = {'id': '3afb4582-4904-4825-aac6-9f8b4039841b'}\n\n    def execute(self, driver_command: str, params: dict = None) -> dict:\n        \"\"\"\n        Sends a command to be executed by a command.CommandExecutor.\n    \n        :Args:\n         - driver_command: The name of the command to execute as a string.\n         - params: A dictionary of named parameters to send with the command.\n    \n        :Returns:\n          The command's JSON response loaded into a dictionary object.\n        \"\"\"\n        params = self._wrap_value(params)\n    \n        if self.session_id:\n            if not params:\n                params = {\"sessionId\": self.session_id}\n            elif \"sessionId\" not in params:\n                params[\"sessionId\"] = self.session_id\n    \n        response = self.command_executor.execute(driver_command, params)\n        if response:\n>           self.error_handler.check_response(response)\n\n../venv/lib/python3.9/site-packages/selenium/webdriver/remote/webdriver.py:444: \n_ _ _ _ _ _ _ _ _ _ _ _ _ _ _ _ _ _ _ _ _ _ _ _ _ _ _ _ _ _ _ _ _ _ _ _ _ _ _ _ _ _ _ _ _ _ _ _ _ _ _ _ _ _ _ _ _ _ _ _ _ _ _ _ _ _ _ _ _ _ _ _ _ _ _ _ \n\nself = <selenium.webdriver.remote.errorhandler.ErrorHandler object at 0x7fabe95fc1f0>\nresponse = {'status': 400, 'value': '{\"value\":{\"error\":\"element not interactable\",\"message\":\"element not interactable\\\\n  (Sessio...ff802303259 _pthread_start + 125\\\\n21  libsystem_pthread.dylib             0x00007ff8022fec7b thread_start + 15\\\\n\"}}'}\n\n    def check_response(self, response: Dict[str, Any]) -> None:\n        \"\"\"\n        Checks that a JSON response from the WebDriver does not have an error.\n    \n        :Args:\n         - response - The JSON response from the WebDriver server as a dictionary\n           object.\n    \n        :Raises: If the response contains an error message.\n        \"\"\"\n        status = response.get(\"status\", None)\n        if not status or status == ErrorCode.SUCCESS:\n            return\n        value = None\n        message = response.get(\"message\", \"\")\n        screen: str = response.get(\"screen\", \"\")\n        stacktrace = None\n        if isinstance(status, int):\n            value_json = response.get(\"value\", None)\n            if value_json and isinstance(value_json, str):\n                import json\n    \n                try:\n                    value = json.loads(value_json)\n                    if len(value.keys()) == 1:\n                        value = value[\"value\"]\n                    status = value.get(\"error\", None)\n                    if not status:\n                        status = value.get(\"status\", ErrorCode.UNKNOWN_ERROR)\n                        message = value.get(\"value\") or value.get(\"message\")\n                        if not isinstance(message, str):\n                            value = message\n                            message = message.get(\"message\")\n                    else:\n                        message = value.get(\"message\", None)\n                except ValueError:\n                    pass\n    \n        exception_class: Type[WebDriverException]\n        if status in ErrorCode.NO_SUCH_ELEMENT:\n            exception_class = NoSuchElementException\n        elif status in ErrorCode.NO_SUCH_FRAME:\n            exception_class = NoSuchFrameException\n        elif status in ErrorCode.NO_SUCH_SHADOW_ROOT:\n            exception_class = NoSuchShadowRootException\n        elif status in ErrorCode.NO_SUCH_WINDOW:\n            exception_class = NoSuchWindowException\n        elif status in ErrorCode.STALE_ELEMENT_REFERENCE:\n            exception_class = StaleElementReferenceException\n        elif status in ErrorCode.ELEMENT_NOT_VISIBLE:\n            exception_class = ElementNotVisibleException\n        elif status in ErrorCode.INVALID_ELEMENT_STATE:\n            exception_class = InvalidElementStateException\n        elif (\n            status in ErrorCode.INVALID_SELECTOR\n            or status in ErrorCode.INVALID_XPATH_SELECTOR\n            or status in ErrorCode.INVALID_XPATH_SELECTOR_RETURN_TYPER\n        ):\n            exception_class = InvalidSelectorException\n        elif status in ErrorCode.ELEMENT_IS_NOT_SELECTABLE:\n            exception_class = ElementNotSelectableException\n        elif status in ErrorCode.ELEMENT_NOT_INTERACTABLE:\n            exception_class = ElementNotInteractableException\n        elif status in ErrorCode.INVALID_COOKIE_DOMAIN:\n            exception_class = InvalidCookieDomainException\n        elif status in ErrorCode.UNABLE_TO_SET_COOKIE:\n            exception_class = UnableToSetCookieException\n        elif status in ErrorCode.TIMEOUT:\n            exception_class = TimeoutException\n        elif status in ErrorCode.SCRIPT_TIMEOUT:\n            exception_class = TimeoutException\n        elif status in ErrorCode.UNKNOWN_ERROR:\n            exception_class = WebDriverException\n        elif status in ErrorCode.UNEXPECTED_ALERT_OPEN:\n            exception_class = UnexpectedAlertPresentException\n        elif status in ErrorCode.NO_ALERT_OPEN:\n            exception_class = NoAlertPresentException\n        elif status in ErrorCode.IME_NOT_AVAILABLE:\n            exception_class = ImeNotAvailableException\n        elif status in ErrorCode.IME_ENGINE_ACTIVATION_FAILED:\n            exception_class = ImeActivationFailedException\n        elif status in ErrorCode.MOVE_TARGET_OUT_OF_BOUNDS:\n            exception_class = MoveTargetOutOfBoundsException\n        elif status in ErrorCode.JAVASCRIPT_ERROR:\n            exception_class = JavascriptException\n        elif status in ErrorCode.SESSION_NOT_CREATED:\n            exception_class = SessionNotCreatedException\n        elif status in ErrorCode.INVALID_ARGUMENT:\n            exception_class = InvalidArgumentException\n        elif status in ErrorCode.NO_SUCH_COOKIE:\n            exception_class = NoSuchCookieException\n        elif status in ErrorCode.UNABLE_TO_CAPTURE_SCREEN:\n            exception_class = ScreenshotException\n        elif status in ErrorCode.ELEMENT_CLICK_INTERCEPTED:\n            exception_class = ElementClickInterceptedException\n        elif status in ErrorCode.INSECURE_CERTIFICATE:\n            exception_class = InsecureCertificateException\n        elif status in ErrorCode.INVALID_COORDINATES:\n            exception_class = InvalidCoordinatesException\n        elif status in ErrorCode.INVALID_SESSION_ID:\n            exception_class = InvalidSessionIdException\n        elif status in ErrorCode.UNKNOWN_METHOD:\n            exception_class = UnknownMethodException\n        else:\n            exception_class = WebDriverException\n        if not value:\n            value = response[\"value\"]\n        if isinstance(value, str):\n            raise exception_class(value)\n        if message == \"\" and \"message\" in value:\n            message = value[\"message\"]\n    \n        screen = None  # type: ignore[assignment]\n        if \"screen\" in value:\n            screen = value[\"screen\"]\n    \n        stacktrace = None\n        st_value = value.get(\"stackTrace\") or value.get(\"stacktrace\")\n        if st_value:\n            if isinstance(st_value, str):\n                stacktrace = st_value.split(\"\\n\")\n            else:\n                stacktrace = []\n                try:\n                    for frame in st_value:\n                        line = frame.get(\"lineNumber\", \"\")\n                        file = frame.get(\"fileName\", \"<anonymous>\")\n                        if line:\n                            file = f\"{file}:{line}\"\n                        meth = frame.get(\"methodName\", \"<anonymous>\")\n                        if \"className\" in frame:\n                            meth = \"{}.{}\".format(frame[\"className\"], meth)\n                        msg = \"    at %s (%s)\"\n                        msg = msg % (meth, file)\n                        stacktrace.append(msg)\n                except TypeError:\n                    pass\n        if exception_class == UnexpectedAlertPresentException:\n            alert_text = None\n            if \"data\" in value:\n                alert_text = value[\"data\"].get(\"text\")\n            elif \"alert\" in value:\n                alert_text = value[\"alert\"].get(\"text\")\n            raise exception_class(message, screen, stacktrace, alert_text)  # type: ignore[call-arg]  # mypy is not smart enough here\n>       raise exception_class(message, screen, stacktrace)\nE       selenium.common.exceptions.ElementNotInteractableException: Message: element not interactable\nE         (Session info: chrome=109.0.5414.119)\nE       Stacktrace:\nE       0   chromedriver                        0x0000000104936fa8 chromedriver + 4886440\nE       1   chromedriver                        0x00000001048b4643 chromedriver + 4351555\nE       2   chromedriver                        0x000000010450299d chromedriver + 477597\nE       3   chromedriver                        0x0000000104548f51 chromedriver + 765777\nE       4   chromedriver                        0x0000000104539d73 chromedriver + 703859\nE       5   chromedriver                        0x000000010456d5d2 chromedriver + 914898\nE       6   chromedriver                        0x00000001045393dd chromedriver + 701405\nE       7   chromedriver                        0x000000010456d78e chromedriver + 915342\nE       8   chromedriver                        0x00000001045885fe chromedriver + 1025534\nE       9   chromedriver                        0x000000010456d3a3 chromedriver + 914339\nE       10  chromedriver                        0x000000010453757f chromedriver + 693631\nE       11  chromedriver                        0x0000000104538b1e chromedriver + 699166\nE       12  chromedriver                        0x0000000104903b9e chromedriver + 4676510\nE       13  chromedriver                        0x000000010490891e chromedriver + 4696350\nE       14  chromedriver                        0x000000010491019f chromedriver + 4727199\nE       15  chromedriver                        0x000000010490981a chromedriver + 4700186\nE       16  chromedriver                        0x00000001048dca62 chromedriver + 4516450\nE       17  chromedriver                        0x00000001049288c8 chromedriver + 4827336\nE       18  chromedriver                        0x0000000104928a45 chromedriver + 4827717\nE       19  chromedriver                        0x000000010493e7ef chromedriver + 4917231\nE       20  libsystem_pthread.dylib             0x00007ff802303259 _pthread_start + 125\nE       21  libsystem_pthread.dylib             0x00007ff8022fec7b thread_start + 15\n\n../venv/lib/python3.9/site-packages/selenium/webdriver/remote/errorhandler.py:249: ElementNotInteractableException\n\nDuring handling of the above exception, another exception occurred:\n\nself = <Test_Dummy_Registration.Test_Dummy_Registration object at 0x7fabe9527f40>, name = 'Rahul', phoneNum = 8927342.0\nemail = 'trainer@way2automation.com', country = 'India', city = 'Delhi', username = 'rahularora1986', password = 'lsajdfksf'\n\n    @pytest.mark.parametrize(\"name, phoneNum, email, country, city, username, password\",\n                             dataProvider.get_data(\"LoginTest\"))\n    @pytest.mark.regression\n    def test_doSignUp(self, name, phoneNum, email, country, city, username, password):\n        Selenium4PopUpPage = Selenium_4_Popup_Page(self.driver)\n        home = Home_Page(self.driver)\n        dummy_reg = dummy_registration(self.driver)\n        log.logger.info(\"********** Test Do Sign up started **********\")\n        Selenium4PopUpPage.close_selenium_four_popup()\n>       home.moving_to_Dummy_Registration_Page()\n\nTest_Dummy_Registration.py:24: \n_ _ _ _ _ _ _ _ _ _ _ _ _ _ _ _ _ _ _ _ _ _ _ _ _ _ _ _ _ _ _ _ _ _ _ _ _ _ _ _ _ _ _ _ _ _ _ _ _ _ _ _ _ _ _ _ _ _ _ _ _ _ _ _ _ _ _ _ _ _ _ _ _ _ _ _ \n../Pages/Home_Page.py:14: in moving_to_Dummy_Registration_Page\n    self.click(\"resources_practice_site_1__XPATH\")\n_ _ _ _ _ _ _ _ _ _ _ _ _ _ _ _ _ _ _ _ _ _ _ _ _ _ _ _ _ _ _ _ _ _ _ _ _ _ _ _ _ _ _ _ _ _ _ _ _ _ _ _ _ _ _ _ _ _ _ _ _ _ _ _ _ _ _ _ _ _ _ _ _ _ _ _ \n\nself = <Pages.Home_Page.Home_Page object at 0x7fabe9522310>, locator = 'resources_practice_site_1__XPATH'\n\n    def click(self, locator):\n        flag = False\n        try:\n            ele = self.find_element(locator)\n            self.highlight_element(ele)\n            ele.click()\n            flag = True\n            log.logger.info(f\"{ele} clicked successfully\")\n            print(f\"{ele} clicked successfully\")\n        except:\n            print(traceback.print_exc())\n>           assert False\nE           AssertionError\n\n../Selenium_Operations/Element_Operations.py:63: AssertionError"}, "attachments": [{"name": "log", "source": "ca6779fe-2640-43f3-b952-b17fc8647a70-attachment.txt", "type": "text/plain"}, {"name": "stdout", "source": "8334a6ed-6566-4274-94f1-59f1ee4a3e16-attachment.txt", "type": "text/plain"}, {"name": "stderr", "source": "4dfcc3b3-8193-44ac-bcc2-f13a57932cd2-attachment.txt", "type": "text/plain"}], "parameters": [{"name": "get_browser", "value": "'chrome'"}, {"name": "name", "value": "'Rahul'"}, {"name": "phoneNum", "value": "8927342.0"}, {"name": "email", "value": "'trainer@way2automation.com'"}, {"name": "country", "value": "'India'"}, {"name": "city", "value": "'Delhi'"}, {"name": "username", "value": "'rahularora1986'"}, {"name": "password", "value": "'lsajdfksf'"}], "start": 1674807438707, "stop": 1674807483057, "uuid": "735ecc6e-5537-4425-9d7b-2883f6048696", "historyId": "b43fac9e1024e2a487de37fee1bb4c1a", "testCaseId": "363cc57d513c89d066658b90fc8abf1f", "fullName": "Test_Cases_pytest.Test_Dummy_Registration.Test_Dummy_Registration#test_doSignUp", "labels": [{"name": "tag", "value": "regression"}, {"name": "tag", "value": "@pytest.mark.usefixtures('log_on_failure', 'get_browser')"}, {"name": "parentSuite", "value": "Test_Cases_pytest"}, {"name": "suite", "value": "Test_Dummy_Registration"}, {"name": "subSuite", "value": "Test_Dummy_Registration"}, {"name": "host", "value": "192.168.1.4"}, {"name": "thread", "value": "70790-MainThread"}, {"name": "framework", "value": "pytest"}, {"name": "language", "value": "cpython3"}, {"name": "package", "value": "Test_Cases_pytest.Test_Dummy_Registration"}]}